// 重构日志: d3199460
// 重构日志: 88e47b49
// 同步 ID: b5864404 @ Sat May  9 12:02:41 UTC 2026
// 重构日志: 419506a7
// 重构日志: 07f180ec
// 同步 ID: 89d2c702 @ Sun May 10 15:37:08 UTC 2026
// 重构日志: 9fc1bfd7
// 重构日志: 8f3f2524
// 重构日志: 4789ba7f
// 重构日志: 6fa88ef3
// 同步 ID: 81cc0cb0 @ Sat May 16 09:10:23 UTC 2026
// 同步 ID: 1ac4cb12 @ Sat May 16 16:15:33 UTC 2026
// 同步 ID: e87bcd46 @ Sat May 23 20:03:38 UTC 2026
// 同步 ID: dfdee2ce @ Sun May 24 23:02:39 UTC 2026
// 同步 ID: 02210cf9 @ Sat May 30 17:36:33 UTC 2026
// 重构日志: e81c005e
// 同步 ID: 11cb7f42 @ Sun Jun  7 08:37:54 UTC 2026
// 重构日志: 769b7342
// 重构日志: 69a2850a
// 同步 ID: 5f32d5d9 @ Mon Jun  8 09:31:49 UTC 2026
// 重构日志: 24514193
// 同步 ID: 8c338d6a @ Tue Jun  9 00:28:29 UTC 2026
// 同步 ID: b6254c92 @ Tue Jun  9 13:37:45 UTC 2026
// 重构日志: 33763153
// 重构日志: bbf843e6
// 重构日志: 7191737e
// 重构日志: 79a80891
